This file contains any messages produced by compilers while
running configure, to aid debugging if configure makes a mistake.

It was created by bwa configure 0.5.5, which was
generated by GNU Autoconf 2.68.  Invocation command line was

  $ ./configure --with-goby

## --------- ##
## Platform. ##
## --------- ##

hostname = spanky.med.cornell.edu
uname -m = x86_64
uname -r = 2.6.18-164.el5
uname -s = Linux
uname -v = #1 SMP Tue Aug 18 15:51:48 EDT 2009

/usr/bin/uname -p = unknown
/bin/uname -X     = unknown

/bin/arch              = x86_64
/usr/bin/arch -k       = unknown
/usr/convex/getsysinfo = unknown
/usr/bin/hostinfo      = unknown
/bin/machine           = unknown
/usr/bin/oslevel       = unknown
/bin/universe          = unknown

PATH: /home/kdorff/firefox
PATH: /home/gobyweb/valgrind/bin
PATH: /home/gobyweb/local-lib/bin
PATH: /softlib/exe/x86_64/pkg/R/2.12.2/gcc4_64/lib64/R/bin
PATH: /softlib/exe/x86_64/pkg/R/2.12.2/gcc4_64/bin
PATH: /softlib/exe/x86_64/pkg/subversion/1.6.17/gcc4_64/bin
PATH: /softlib/exe/x86_64/pkg/python/2.7/gcc_64/bin
PATH: /softlib/exe/i686/pkg/sybyl/7.3/dist/trigo
PATH: /softlib/exe/i686/pkg/oracle_client/11.1.0.6/dist/oracle/product/11.1.0/client_1/bin
PATH: /softlib/exe/x86_64/pkg/ifort/9.1.039/dist/bin
PATH: /softlib/exe/x86_64/pkg/icc/9.1.044/dist/bin
PATH: /softlib/exe/slexpress/bin
PATH: /softlib/exe/x86_64/bin
PATH: /softlib/exe/i686/bin
PATH: /softlib/exe/linux/bin
PATH: /softlib/exe/all/bin
PATH: /opt/sge/bin/lx26-amd64
PATH: /usr/lib64/qt-3.3/bin
PATH: /usr/pbs/bin
PATH: /usr/kerberos/bin
PATH: /usr/local/bin
PATH: /bin
PATH: /usr/bin
PATH: /home/gobyweb/grails-1.3.7/bin
PATH: /home/gobyweb/python
PATH: /home/kdorff/uex.startup/
PATH: /home/gobyweb/apache-maven-2.2.1/bin
PATH: /home/gobyweb/groovy-1.8.4/bin
PATH: /home/gobyweb/bin
PATH: /home/gobyweb/ddd-3.3.12/ddd/
PATH: /home/gobyweb/TotalView/toolworks/totalview.8.8.0-2/linux-x86-64/bin/
PATH: /home/gobyweb/insight/install/bin
PATH: /home/gobyweb/GMAP-GSNAP-GOBY/gmap-gsnap/src
PATH: /home/gobyweb/GMAP-GSNAP-GOBY/gmap-gsnap/util


## ----------- ##
## Core tests. ##
## ----------- ##

configure:2415: checking for a BSD-compatible install
configure:2483: result: /usr/bin/install -c
configure:2494: checking whether build environment is sane
configure:2531: result: yes
configure:2593: checking for gawk
configure:2609: found /bin/gawk
configure:2620: result: gawk
configure:2631: checking whether make sets $(MAKE)
configure:2653: result: yes
configure:2887: checking for gcc
configure:2903: found /usr/bin/gcc
configure:2914: result: gcc
configure:2945: checking for C compiler version
configure:2954: gcc --version >&5
gcc (GCC) 4.1.2 20080704 (Red Hat 4.1.2-46)
Copyright (C) 2006 Free Software Foundation, Inc.
This is free software; see the source for copying conditions.  There is NO
warranty; not even for MERCHANTABILITY or FITNESS FOR A PARTICULAR PURPOSE.

configure:2965: $? = 0
configure:2954: gcc -v >&5
Using built-in specs.
Target: x86_64-redhat-linux
Configured with: ../configure --prefix=/usr --mandir=/usr/share/man --infodir=/usr/share/info --enable-shared --enable-threads=posix --enable-checking=release --with-system-zlib --enable-__cxa_atexit --disable-libunwind-exceptions --enable-libgcj-multifile --enable-languages=c,c++,objc,obj-c++,java,fortran,ada --enable-java-awt=gtk --disable-dssi --enable-plugin --with-java-home=/usr/lib/jvm/java-1.4.2-gcj-1.4.2.0/jre --with-cpu=generic --host=x86_64-redhat-linux
Thread model: posix
gcc version 4.1.2 20080704 (Red Hat 4.1.2-46)
configure:2965: $? = 0
configure:2954: gcc -V >&5
gcc: '-V' option must have argument
configure:2965: $? = 1
configure:2954: gcc -qversion >&5
gcc: unrecognized option '-qversion'
gcc: no input files
configure:2965: $? = 1
configure:2985: checking whether the C compiler works
configure:3007: gcc    conftest.c  >&5
configure:3011: $? = 0
configure:3059: result: yes
configure:3062: checking for C compiler default output file name
configure:3064: result: a.out
configure:3070: checking for suffix of executables
configure:3077: gcc -o conftest    conftest.c  >&5
configure:3081: $? = 0
configure:3103: result: 
configure:3125: checking whether we are cross compiling
configure:3133: gcc -o conftest    conftest.c  >&5
configure:3137: $? = 0
configure:3144: ./conftest
configure:3148: $? = 0
configure:3163: result: no
configure:3168: checking for suffix of object files
configure:3190: gcc -c   conftest.c >&5
configure:3194: $? = 0
configure:3215: result: o
configure:3219: checking whether we are using the GNU C compiler
configure:3238: gcc -c   conftest.c >&5
configure:3238: $? = 0
configure:3247: result: yes
configure:3256: checking whether gcc accepts -g
configure:3276: gcc -c -g  conftest.c >&5
configure:3276: $? = 0
configure:3317: result: yes
configure:3334: checking for gcc option to accept ISO C89
configure:3398: gcc  -c -g -O2  conftest.c >&5
configure:3398: $? = 0
configure:3411: result: none needed
configure:3442: checking for style of include used by make
configure:3470: result: GNU
configure:3498: checking dependency style of gcc
configure:3588: result: gcc3
configure:3606: checking whether gcc and cc understand -c and -o together
configure:3637: gcc -c conftest.c -o conftest2.o >&5
configure:3641: $? = 0
configure:3647: gcc -c conftest.c -o conftest2.o >&5
configure:3651: $? = 0
configure:3662: cc -c conftest.c >&5
configure:3666: $? = 0
configure:3674: cc -c conftest.c -o conftest2.o >&5
configure:3678: $? = 0
configure:3684: cc -c conftest.c -o conftest2.o >&5
configure:3688: $? = 0
configure:3706: result: yes
configure:3787: checking for g++
configure:3803: found /usr/bin/g++
configure:3814: result: g++
configure:3841: checking for C++ compiler version
configure:3850: g++ --version >&5
g++ (GCC) 4.1.2 20080704 (Red Hat 4.1.2-46)
Copyright (C) 2006 Free Software Foundation, Inc.
This is free software; see the source for copying conditions.  There is NO
warranty; not even for MERCHANTABILITY or FITNESS FOR A PARTICULAR PURPOSE.

configure:3861: $? = 0
configure:3850: g++ -v >&5
Using built-in specs.
Target: x86_64-redhat-linux
Configured with: ../configure --prefix=/usr --mandir=/usr/share/man --infodir=/usr/share/info --enable-shared --enable-threads=posix --enable-checking=release --with-system-zlib --enable-__cxa_atexit --disable-libunwind-exceptions --enable-libgcj-multifile --enable-languages=c,c++,objc,obj-c++,java,fortran,ada --enable-java-awt=gtk --disable-dssi --enable-plugin --with-java-home=/usr/lib/jvm/java-1.4.2-gcj-1.4.2.0/jre --with-cpu=generic --host=x86_64-redhat-linux
Thread model: posix
gcc version 4.1.2 20080704 (Red Hat 4.1.2-46)
configure:3861: $? = 0
configure:3850: g++ -V >&5
g++: '-V' option must have argument
configure:3861: $? = 1
configure:3850: g++ -qversion >&5
g++: unrecognized option '-qversion'
g++: no input files
configure:3861: $? = 1
configure:3865: checking whether we are using the GNU C++ compiler
configure:3884: g++ -c   conftest.cpp >&5
configure:3884: $? = 0
configure:3893: result: yes
configure:3902: checking whether g++ accepts -g
configure:3922: g++ -c -g  conftest.cpp >&5
configure:3922: $? = 0
configure:3963: result: yes
configure:3988: checking dependency style of g++
configure:4078: result: gcc3
configure:4100: checking for gawk
configure:4127: result: gawk
configure:4138: checking for a thread-safe mkdir -p
configure:4177: result: /bin/mkdir -p
configure:4223: checking for ranlib
configure:4239: found /usr/bin/ranlib
configure:4250: result: ranlib
configure:4282: checking how to run the C preprocessor
configure:4313: gcc -E  conftest.c
configure:4313: $? = 0
configure:4327: gcc -E  conftest.c
conftest.c:11:28: error: ac_nonexistent.h: No such file or directory
configure:4327: $? = 1
configure: failed program was:
| /* confdefs.h */
| #define PACKAGE_NAME "bwa"
| #define PACKAGE_TARNAME "bwa"
| #define PACKAGE_VERSION "0.5.5"
| #define PACKAGE_STRING "bwa 0.5.5"
| #define PACKAGE_BUGREPORT ""
| #define PACKAGE_URL ""
| #define PACKAGE "bwa"
| #define VERSION "0.5.5"
| /* end confdefs.h.  */
| #include <ac_nonexistent.h>
configure:4352: result: gcc -E
configure:4372: gcc -E  conftest.c
configure:4372: $? = 0
configure:4386: gcc -E  conftest.c
conftest.c:11:28: error: ac_nonexistent.h: No such file or directory
configure:4386: $? = 1
configure: failed program was:
| /* confdefs.h */
| #define PACKAGE_NAME "bwa"
| #define PACKAGE_TARNAME "bwa"
| #define PACKAGE_VERSION "0.5.5"
| #define PACKAGE_STRING "bwa 0.5.5"
| #define PACKAGE_BUGREPORT ""
| #define PACKAGE_URL ""
| #define PACKAGE "bwa"
| #define VERSION "0.5.5"
| /* end confdefs.h.  */
| #include <ac_nonexistent.h>
configure:4415: checking for grep that handles long lines and -e
configure:4473: result: /bin/grep
configure:4478: checking for egrep
configure:4540: result: /bin/grep -E
configure:4545: checking for ANSI C header files
configure:4565: gcc -c -g -O2  conftest.c >&5
configure:4565: $? = 0
configure:4638: gcc -o conftest -g -O2   conftest.c  >&5
configure:4638: $? = 0
configure:4638: ./conftest
configure:4638: $? = 0
configure:4649: result: yes
configure:4662: checking for sys/types.h
configure:4662: gcc -c -g -O2  conftest.c >&5
configure:4662: $? = 0
configure:4662: result: yes
configure:4662: checking for sys/stat.h
configure:4662: gcc -c -g -O2  conftest.c >&5
configure:4662: $? = 0
configure:4662: result: yes
configure:4662: checking for stdlib.h
configure:4662: gcc -c -g -O2  conftest.c >&5
configure:4662: $? = 0
configure:4662: result: yes
configure:4662: checking for string.h
configure:4662: gcc -c -g -O2  conftest.c >&5
configure:4662: $? = 0
configure:4662: result: yes
configure:4662: checking for memory.h
configure:4662: gcc -c -g -O2  conftest.c >&5
configure:4662: $? = 0
configure:4662: result: yes
configure:4662: checking for strings.h
configure:4662: gcc -c -g -O2  conftest.c >&5
configure:4662: $? = 0
configure:4662: result: yes
configure:4662: checking for inttypes.h
configure:4662: gcc -c -g -O2  conftest.c >&5
configure:4662: $? = 0
configure:4662: result: yes
configure:4662: checking for stdint.h
configure:4662: gcc -c -g -O2  conftest.c >&5
configure:4662: $? = 0
configure:4662: result: yes
configure:4662: checking for unistd.h
configure:4662: gcc -c -g -O2  conftest.c >&5
configure:4662: $? = 0
configure:4662: result: yes
configure:4677: checking limits.h usability
configure:4677: gcc -c -g -O2  conftest.c >&5
configure:4677: $? = 0
configure:4677: result: yes
configure:4677: checking limits.h presence
configure:4677: gcc -E  conftest.c
configure:4677: $? = 0
configure:4677: result: yes
configure:4677: checking for limits.h
configure:4677: result: yes
configure:4677: checking for stdint.h
configure:4677: result: yes
configure:4677: checking for stdlib.h
configure:4677: result: yes
configure:4677: checking for string.h
configure:4677: result: yes
configure:4677: checking for unistd.h
configure:4677: result: yes
configure:4689: checking for an ANSI C-conforming const
configure:4754: gcc -c -g -O2  conftest.c >&5
configure:4754: $? = 0
configure:4761: result: yes
configure:4769: checking for inline
configure:4785: gcc -c -g -O2  conftest.c >&5
configure:4785: $? = 0
configure:4793: result: inline
configure:4811: checking for int32_t
configure:4811: gcc -c -g -O2  conftest.c >&5
configure:4811: $? = 0
configure:4811: gcc -c -g -O2  conftest.c >&5
conftest.c: In function 'main':
conftest.c:64: warning: integer overflow in expression
conftest.c:64: error: size of array 'test_array' is negative
configure:4811: $? = 1
configure: failed program was:
| /* confdefs.h */
| #define PACKAGE_NAME "bwa"
| #define PACKAGE_TARNAME "bwa"
| #define PACKAGE_VERSION "0.5.5"
| #define PACKAGE_STRING "bwa 0.5.5"
| #define PACKAGE_BUGREPORT ""
| #define PACKAGE_URL ""
| #define PACKAGE "bwa"
| #define VERSION "0.5.5"
| #define STDC_HEADERS 1
| #define HAVE_SYS_TYPES_H 1
| #define HAVE_SYS_STAT_H 1
| #define HAVE_STDLIB_H 1
| #define HAVE_STRING_H 1
| #define HAVE_MEMORY_H 1
| #define HAVE_STRINGS_H 1
| #define HAVE_INTTYPES_H 1
| #define HAVE_STDINT_H 1
| #define HAVE_UNISTD_H 1
| #define HAVE_LIMITS_H 1
| #define HAVE_STDINT_H 1
| #define HAVE_STDLIB_H 1
| #define HAVE_STRING_H 1
| #define HAVE_UNISTD_H 1
| /* end confdefs.h.  */
| #include <stdio.h>
| #ifdef HAVE_SYS_TYPES_H
| # include <sys/types.h>
| #endif
| #ifdef HAVE_SYS_STAT_H
| # include <sys/stat.h>
| #endif
| #ifdef STDC_HEADERS
| # include <stdlib.h>
| # include <stddef.h>
| #else
| # ifdef HAVE_STDLIB_H
| #  include <stdlib.h>
| # endif
| #endif
| #ifdef HAVE_STRING_H
| # if !defined STDC_HEADERS && defined HAVE_MEMORY_H
| #  include <memory.h>
| # endif
| # include <string.h>
| #endif
| #ifdef HAVE_STRINGS_H
| # include <strings.h>
| #endif
| #ifdef HAVE_INTTYPES_H
| # include <inttypes.h>
| #endif
| #ifdef HAVE_STDINT_H
| # include <stdint.h>
| #endif
| #ifdef HAVE_UNISTD_H
| # include <unistd.h>
| #endif
| 	        enum { N = 32 / 2 - 1 };
| int
| main ()
| {
| static int test_array [1 - 2 * !((int32_t) (((((int32_t) 1 << N) << N) - 1) * 2 + 1)
| 		 < (int32_t) (((((int32_t) 1 << N) << N) - 1) * 2 + 2))];
| test_array [0] = 0
| 
|   ;
|   return 0;
| }
configure:4811: result: yes
configure:4822: checking for int64_t
configure:4822: gcc -c -g -O2  conftest.c >&5
configure:4822: $? = 0
configure:4822: gcc -c -g -O2  conftest.c >&5
conftest.c: In function 'main':
conftest.c:64: warning: integer overflow in expression
conftest.c:64: error: size of array 'test_array' is negative
configure:4822: $? = 1
configure: failed program was:
| /* confdefs.h */
| #define PACKAGE_NAME "bwa"
| #define PACKAGE_TARNAME "bwa"
| #define PACKAGE_VERSION "0.5.5"
| #define PACKAGE_STRING "bwa 0.5.5"
| #define PACKAGE_BUGREPORT ""
| #define PACKAGE_URL ""
| #define PACKAGE "bwa"
| #define VERSION "0.5.5"
| #define STDC_HEADERS 1
| #define HAVE_SYS_TYPES_H 1
| #define HAVE_SYS_STAT_H 1
| #define HAVE_STDLIB_H 1
| #define HAVE_STRING_H 1
| #define HAVE_MEMORY_H 1
| #define HAVE_STRINGS_H 1
| #define HAVE_INTTYPES_H 1
| #define HAVE_STDINT_H 1
| #define HAVE_UNISTD_H 1
| #define HAVE_LIMITS_H 1
| #define HAVE_STDINT_H 1
| #define HAVE_STDLIB_H 1
| #define HAVE_STRING_H 1
| #define HAVE_UNISTD_H 1
| /* end confdefs.h.  */
| #include <stdio.h>
| #ifdef HAVE_SYS_TYPES_H
| # include <sys/types.h>
| #endif
| #ifdef HAVE_SYS_STAT_H
| # include <sys/stat.h>
| #endif
| #ifdef STDC_HEADERS
| # include <stdlib.h>
| # include <stddef.h>
| #else
| # ifdef HAVE_STDLIB_H
| #  include <stdlib.h>
| # endif
| #endif
| #ifdef HAVE_STRING_H
| # if !defined STDC_HEADERS && defined HAVE_MEMORY_H
| #  include <memory.h>
| # endif
| # include <string.h>
| #endif
| #ifdef HAVE_STRINGS_H
| # include <strings.h>
| #endif
| #ifdef HAVE_INTTYPES_H
| # include <inttypes.h>
| #endif
| #ifdef HAVE_STDINT_H
| # include <stdint.h>
| #endif
| #ifdef HAVE_UNISTD_H
| # include <unistd.h>
| #endif
| 	        enum { N = 64 / 2 - 1 };
| int
| main ()
| {
| static int test_array [1 - 2 * !((int64_t) (((((int64_t) 1 << N) << N) - 1) * 2 + 1)
| 		 < (int64_t) (((((int64_t) 1 << N) << N) - 1) * 2 + 2))];
| test_array [0] = 0
| 
|   ;
|   return 0;
| }
configure:4822: result: yes
configure:4833: checking for size_t
configure:4833: gcc -c -g -O2  conftest.c >&5
configure:4833: $? = 0
configure:4833: gcc -c -g -O2  conftest.c >&5
conftest.c: In function 'main':
conftest.c:62: error: expected expression before ')' token
configure:4833: $? = 1
configure: failed program was:
| /* confdefs.h */
| #define PACKAGE_NAME "bwa"
| #define PACKAGE_TARNAME "bwa"
| #define PACKAGE_VERSION "0.5.5"
| #define PACKAGE_STRING "bwa 0.5.5"
| #define PACKAGE_BUGREPORT ""
| #define PACKAGE_URL ""
| #define PACKAGE "bwa"
| #define VERSION "0.5.5"
| #define STDC_HEADERS 1
| #define HAVE_SYS_TYPES_H 1
| #define HAVE_SYS_STAT_H 1
| #define HAVE_STDLIB_H 1
| #define HAVE_STRING_H 1
| #define HAVE_MEMORY_H 1
| #define HAVE_STRINGS_H 1
| #define HAVE_INTTYPES_H 1
| #define HAVE_STDINT_H 1
| #define HAVE_UNISTD_H 1
| #define HAVE_LIMITS_H 1
| #define HAVE_STDINT_H 1
| #define HAVE_STDLIB_H 1
| #define HAVE_STRING_H 1
| #define HAVE_UNISTD_H 1
| /* end confdefs.h.  */
| #include <stdio.h>
| #ifdef HAVE_SYS_TYPES_H
| # include <sys/types.h>
| #endif
| #ifdef HAVE_SYS_STAT_H
| # include <sys/stat.h>
| #endif
| #ifdef STDC_HEADERS
| # include <stdlib.h>
| # include <stddef.h>
| #else
| # ifdef HAVE_STDLIB_H
| #  include <stdlib.h>
| # endif
| #endif
| #ifdef HAVE_STRING_H
| # if !defined STDC_HEADERS && defined HAVE_MEMORY_H
| #  include <memory.h>
| # endif
| # include <string.h>
| #endif
| #ifdef HAVE_STRINGS_H
| # include <strings.h>
| #endif
| #ifdef HAVE_INTTYPES_H
| # include <inttypes.h>
| #endif
| #ifdef HAVE_STDINT_H
| # include <stdint.h>
| #endif
| #ifdef HAVE_UNISTD_H
| # include <unistd.h>
| #endif
| int
| main ()
| {
| if (sizeof ((size_t)))
| 	    return 0;
|   ;
|   return 0;
| }
configure:4833: result: yes
configure:4844: checking for uint16_t
configure:4844: gcc -c -g -O2  conftest.c >&5
configure:4844: $? = 0
configure:4844: result: yes
configure:4856: checking for uint32_t
configure:4856: gcc -c -g -O2  conftest.c >&5
configure:4856: $? = 0
configure:4856: result: yes
configure:4870: checking for uint64_t
configure:4870: gcc -c -g -O2  conftest.c >&5
configure:4870: $? = 0
configure:4870: result: yes
configure:4884: checking for uint8_t
configure:4884: gcc -c -g -O2  conftest.c >&5
configure:4884: $? = 0
configure:4884: result: yes
configure:4902: checking for stdlib.h
configure:4902: result: yes
configure:4912: checking for GNU libc compatible malloc
configure:4936: gcc -o conftest -g -O2   conftest.c  >&5
configure:4936: $? = 0
configure:4936: ./conftest
configure:4936: $? = 0
configure:4946: result: yes
configure:4969: checking for stdlib.h
configure:4969: result: yes
configure:4979: checking for GNU libc compatible realloc
configure:5003: gcc -o conftest -g -O2   conftest.c  >&5
configure:5003: $? = 0
configure:5003: ./conftest
configure:5003: $? = 0
configure:5013: result: yes
configure:5036: checking for vprintf
configure:5036: gcc -o conftest -g -O2   conftest.c  >&5
conftest.c:53: warning: conflicting types for built-in function 'vprintf'
configure:5036: $? = 0
configure:5036: result: yes
configure:5042: checking for _doprnt
configure:5042: gcc -o conftest -g -O2   conftest.c  >&5
/tmp/ccqtSiUi.o: In function `main':
/home/gobyweb/GMAP-GSNAP-GOBY/bwa-icb-0.5.9/conftest.c:65: undefined reference to `_doprnt'
collect2: ld returned 1 exit status
configure:5042: $? = 1
configure: failed program was:
| /* confdefs.h */
| #define PACKAGE_NAME "bwa"
| #define PACKAGE_TARNAME "bwa"
| #define PACKAGE_VERSION "0.5.5"
| #define PACKAGE_STRING "bwa 0.5.5"
| #define PACKAGE_BUGREPORT ""
| #define PACKAGE_URL ""
| #define PACKAGE "bwa"
| #define VERSION "0.5.5"
| #define STDC_HEADERS 1
| #define HAVE_SYS_TYPES_H 1
| #define HAVE_SYS_STAT_H 1
| #define HAVE_STDLIB_H 1
| #define HAVE_STRING_H 1
| #define HAVE_MEMORY_H 1
| #define HAVE_STRINGS_H 1
| #define HAVE_INTTYPES_H 1
| #define HAVE_STDINT_H 1
| #define HAVE_UNISTD_H 1
| #define HAVE_LIMITS_H 1
| #define HAVE_STDINT_H 1
| #define HAVE_STDLIB_H 1
| #define HAVE_STRING_H 1
| #define HAVE_UNISTD_H 1
| #define HAVE_STDLIB_H 1
| #define HAVE_MALLOC 1
| #define HAVE_STDLIB_H 1
| #define HAVE_REALLOC 1
| #define HAVE_VPRINTF 1
| /* end confdefs.h.  */
| /* Define _doprnt to an innocuous variant, in case <limits.h> declares _doprnt.
|    For example, HP-UX 11i <limits.h> declares gettimeofday.  */
| #define _doprnt innocuous__doprnt
| 
| /* System header to define __stub macros and hopefully few prototypes,
|     which can conflict with char _doprnt (); below.
|     Prefer <limits.h> to <assert.h> if __STDC__ is defined, since
|     <limits.h> exists even on freestanding compilers.  */
| 
| #ifdef __STDC__
| # include <limits.h>
| #else
| # include <assert.h>
| #endif
| 
| #undef _doprnt
| 
| /* Override any GCC internal prototype to avoid an error.
|    Use char because int might match the return type of a GCC
|    builtin and then its argument prototype would still apply.  */
| #ifdef __cplusplus
| extern "C"
| #endif
| char _doprnt ();
| /* The GNU C library defines this for functions which it implements
|     to always fail with ENOSYS.  Some functions are actually named
|     something starting with __ and the normal name is an alias.  */
| #if defined __stub__doprnt || defined __stub____doprnt
| choke me
| #endif
| 
| int
| main ()
| {
| return _doprnt ();
|   ;
|   return 0;
| }
configure:5042: result: no
configure:5056: checking for memmove
configure:5056: gcc -o conftest -g -O2   conftest.c  >&5
conftest.c:54: warning: conflicting types for built-in function 'memmove'
configure:5056: $? = 0
configure:5056: result: yes
configure:5056: checking for memset
configure:5056: gcc -o conftest -g -O2   conftest.c  >&5
conftest.c:55: warning: conflicting types for built-in function 'memset'
configure:5056: $? = 0
configure:5056: result: yes
configure:5056: checking for sqrt
configure:5056: gcc -o conftest -g -O2   conftest.c  >&5
conftest.c:56: warning: conflicting types for built-in function 'sqrt'
/tmp/ccQj0v42.o: In function `main':
/home/gobyweb/GMAP-GSNAP-GOBY/bwa-icb-0.5.9/conftest.c:67: undefined reference to `sqrt'
collect2: ld returned 1 exit status
configure:5056: $? = 1
configure: failed program was:
| /* confdefs.h */
| #define PACKAGE_NAME "bwa"
| #define PACKAGE_TARNAME "bwa"
| #define PACKAGE_VERSION "0.5.5"
| #define PACKAGE_STRING "bwa 0.5.5"
| #define PACKAGE_BUGREPORT ""
| #define PACKAGE_URL ""
| #define PACKAGE "bwa"
| #define VERSION "0.5.5"
| #define STDC_HEADERS 1
| #define HAVE_SYS_TYPES_H 1
| #define HAVE_SYS_STAT_H 1
| #define HAVE_STDLIB_H 1
| #define HAVE_STRING_H 1
| #define HAVE_MEMORY_H 1
| #define HAVE_STRINGS_H 1
| #define HAVE_INTTYPES_H 1
| #define HAVE_STDINT_H 1
| #define HAVE_UNISTD_H 1
| #define HAVE_LIMITS_H 1
| #define HAVE_STDINT_H 1
| #define HAVE_STDLIB_H 1
| #define HAVE_STRING_H 1
| #define HAVE_UNISTD_H 1
| #define HAVE_STDLIB_H 1
| #define HAVE_MALLOC 1
| #define HAVE_STDLIB_H 1
| #define HAVE_REALLOC 1
| #define HAVE_VPRINTF 1
| #define HAVE_MEMMOVE 1
| #define HAVE_MEMSET 1
| /* end confdefs.h.  */
| /* Define sqrt to an innocuous variant, in case <limits.h> declares sqrt.
|    For example, HP-UX 11i <limits.h> declares gettimeofday.  */
| #define sqrt innocuous_sqrt
| 
| /* System header to define __stub macros and hopefully few prototypes,
|     which can conflict with char sqrt (); below.
|     Prefer <limits.h> to <assert.h> if __STDC__ is defined, since
|     <limits.h> exists even on freestanding compilers.  */
| 
| #ifdef __STDC__
| # include <limits.h>
| #else
| # include <assert.h>
| #endif
| 
| #undef sqrt
| 
| /* Override any GCC internal prototype to avoid an error.
|    Use char because int might match the return type of a GCC
|    builtin and then its argument prototype would still apply.  */
| #ifdef __cplusplus
| extern "C"
| #endif
| char sqrt ();
| /* The GNU C library defines this for functions which it implements
|     to always fail with ENOSYS.  Some functions are actually named
|     something starting with __ and the normal name is an alias.  */
| #if defined __stub_sqrt || defined __stub___sqrt
| choke me
| #endif
| 
| int
| main ()
| {
| return sqrt ();
|   ;
|   return 0;
| }
configure:5056: result: no
configure:5056: checking for strdup
configure:5056: gcc -o conftest -g -O2   conftest.c  >&5
conftest.c:56: warning: conflicting types for built-in function 'strdup'
configure:5056: $? = 0
configure:5056: result: yes
configure:5056: checking for strstr
configure:5056: gcc -o conftest -g -O2   conftest.c  >&5
conftest.c:57: warning: conflicting types for built-in function 'strstr'
configure:5056: $? = 0
configure:5056: result: yes
configure:5065: checking for log in -lm
configure:5090: gcc -o conftest -g -O2   conftest.c -lm   >&5
conftest.c:42: warning: conflicting types for built-in function 'log'
configure:5090: $? = 0
configure:5099: result: yes
configure:5110: checking for gzopen in -lz
configure:5135: gcc -o conftest -g -O2   conftest.c -lz  -lm  >&5
configure:5135: $? = 0
configure:5144: result: yes
configure:5155: checking for pthread_create in -lpthread
configure:5180: gcc -o conftest -g -O2   conftest.c -lpthread  -lz -lm  >&5
configure:5180: $? = 0
configure:5189: result: yes
configure:5263: checking for pkg-config
configure:5281: found /usr/bin/pkg-config
configure:5293: result: /usr/bin/pkg-config
configure:5318: checking pkg-config is at least version 0.9.0
configure:5321: result: yes
configure:5333: checking for goby
configure:5341: $PKG_CONFIG --exists --print-errors "goby"
configure:5344: $? = 0
configure:5359: $PKG_CONFIG --exists --print-errors "goby"
configure:5362: $? = 0
configure:5417: result: yes
configure:5434: checking build system type
configure:5448: result: x86_64-unknown-linux-gnu
configure:5468: checking host system type
configure:5481: result: x86_64-unknown-linux-gnu
configure:5666: checking for the pthreads library -lpthreads
configure:5699: gcc -o conftest -g -O2    conftest.c -lpthreads -lpthread -lz -lm  >&5
/usr/bin/ld: cannot find -lpthreads
collect2: ld returned 1 exit status
configure:5699: $? = 1
configure: failed program was:
| /* confdefs.h */
| #define PACKAGE_NAME "bwa"
| #define PACKAGE_TARNAME "bwa"
| #define PACKAGE_VERSION "0.5.5"
| #define PACKAGE_STRING "bwa 0.5.5"
| #define PACKAGE_BUGREPORT ""
| #define PACKAGE_URL ""
| #define PACKAGE "bwa"
| #define VERSION "0.5.5"
| #define STDC_HEADERS 1
| #define HAVE_SYS_TYPES_H 1
| #define HAVE_SYS_STAT_H 1
| #define HAVE_STDLIB_H 1
| #define HAVE_STRING_H 1
| #define HAVE_MEMORY_H 1
| #define HAVE_STRINGS_H 1
| #define HAVE_INTTYPES_H 1
| #define HAVE_STDINT_H 1
| #define HAVE_UNISTD_H 1
| #define HAVE_LIMITS_H 1
| #define HAVE_STDINT_H 1
| #define HAVE_STDLIB_H 1
| #define HAVE_STRING_H 1
| #define HAVE_UNISTD_H 1
| #define HAVE_STDLIB_H 1
| #define HAVE_MALLOC 1
| #define HAVE_STDLIB_H 1
| #define HAVE_REALLOC 1
| #define HAVE_VPRINTF 1
| #define HAVE_MEMMOVE 1
| #define HAVE_MEMSET 1
| #define HAVE_STRDUP 1
| #define HAVE_STRSTR 1
| #define HAVE_LIBM 1
| #define HAVE_LIBZ 1
| #define HAVE_LIBPTHREAD 1
| #define HAVE_GOBY 1
| /* end confdefs.h.  */
| #include <pthread.h>
| int
| main ()
| {
| pthread_t th; pthread_join(th, 0);
|                      pthread_attr_init(0); pthread_cleanup_push(0, 0);
|                      pthread_create(0,0,0,0); pthread_cleanup_pop(0);
|   ;
|   return 0;
| }
configure:5708: result: no
configure:5611: checking whether pthreads work without any flags
configure:5699: gcc -o conftest -g -O2    conftest.c  -lpthread -lz -lm  >&5
configure:5699: $? = 0
configure:5708: result: yes
configure:5727: checking for joinable pthread attribute
configure:5742: gcc -o conftest -g -O2    conftest.c  -lpthread -lz -lm  >&5
configure:5742: $? = 0
configure:5748: result: PTHREAD_CREATE_JOINABLE
configure:5758: checking if more special flags are required for pthreads
configure:5765: result: no
configure:5976: creating ./config.status

## ---------------------- ##
## Running config.status. ##
## ---------------------- ##

This file was extended by bwa config.status 0.5.5, which was
generated by GNU Autoconf 2.68.  Invocation command line was

  CONFIG_FILES    = 
  CONFIG_HEADERS  = 
  CONFIG_LINKS    = 
  CONFIG_COMMANDS = 
  $ ./config.status 

on spanky.med.cornell.edu

config.status:898: creating Makefile
config.status:898: creating bwt_gen/Makefile
config.status:898: creating config.h
config.status:1126: executing depfiles commands

## ---------------- ##
## Cache variables. ##
## ---------------- ##

ac_cv_build=x86_64-unknown-linux-gnu
ac_cv_c_compiler_gnu=yes
ac_cv_c_const=yes
ac_cv_c_inline=inline
ac_cv_c_int32_t=yes
ac_cv_c_int64_t=yes
ac_cv_c_uint16_t=yes
ac_cv_c_uint32_t=yes
ac_cv_c_uint64_t=yes
ac_cv_c_uint8_t=yes
ac_cv_cxx_compiler_gnu=yes
ac_cv_env_CCC_set=
ac_cv_env_CCC_value=
ac_cv_env_CC_set=
ac_cv_env_CC_value=
ac_cv_env_CFLAGS_set=
ac_cv_env_CFLAGS_value=
ac_cv_env_CPPFLAGS_set=
ac_cv_env_CPPFLAGS_value=
ac_cv_env_CPP_set=
ac_cv_env_CPP_value=
ac_cv_env_CXXFLAGS_set=
ac_cv_env_CXXFLAGS_value=
ac_cv_env_CXX_set=
ac_cv_env_CXX_value=
ac_cv_env_LDFLAGS_set=
ac_cv_env_LDFLAGS_value=
ac_cv_env_LIBS_set=
ac_cv_env_LIBS_value=
ac_cv_env_PKG_CONFIG_set=
ac_cv_env_PKG_CONFIG_value=
ac_cv_env_build_alias_set=
ac_cv_env_build_alias_value=
ac_cv_env_goby_CFLAGS_set=
ac_cv_env_goby_CFLAGS_value=
ac_cv_env_goby_LIBS_set=
ac_cv_env_goby_LIBS_value=
ac_cv_env_host_alias_set=
ac_cv_env_host_alias_value=
ac_cv_env_target_alias_set=
ac_cv_env_target_alias_value=
ac_cv_func__doprnt=no
ac_cv_func_malloc_0_nonnull=yes
ac_cv_func_memmove=yes
ac_cv_func_memset=yes
ac_cv_func_realloc_0_nonnull=yes
ac_cv_func_sqrt=no
ac_cv_func_strdup=yes
ac_cv_func_strstr=yes
ac_cv_func_vprintf=yes
ac_cv_header_inttypes_h=yes
ac_cv_header_limits_h=yes
ac_cv_header_memory_h=yes
ac_cv_header_stdc=yes
ac_cv_header_stdint_h=yes
ac_cv_header_stdlib_h=yes
ac_cv_header_string_h=yes
ac_cv_header_strings_h=yes
ac_cv_header_sys_stat_h=yes
ac_cv_header_sys_types_h=yes
ac_cv_header_unistd_h=yes
ac_cv_host=x86_64-unknown-linux-gnu
ac_cv_lib_m_log=yes
ac_cv_lib_pthread_pthread_create=yes
ac_cv_lib_z_gzopen=yes
ac_cv_objext=o
ac_cv_path_EGREP='/bin/grep -E'
ac_cv_path_GREP=/bin/grep
ac_cv_path_ac_pt_PKG_CONFIG=/usr/bin/pkg-config
ac_cv_path_install='/usr/bin/install -c'
ac_cv_path_mkdir=/bin/mkdir
ac_cv_prog_AWK=gawk
ac_cv_prog_CPP='gcc -E'
ac_cv_prog_ac_ct_CC=gcc
ac_cv_prog_ac_ct_CXX=g++
ac_cv_prog_ac_ct_RANLIB=ranlib
ac_cv_prog_cc_c89=
ac_cv_prog_cc_g=yes
ac_cv_prog_cc_gcc_c_o=yes
ac_cv_prog_cxx_g=yes
ac_cv_prog_make_make_set=yes
ac_cv_type_size_t=yes
am_cv_CC_dependencies_compiler_type=gcc3
am_cv_CXX_dependencies_compiler_type=gcc3
pkg_cv_goby_CFLAGS='-pthread -I/home/gobyweb/local-lib/include  '
pkg_cv_goby_LIBS='-pthread -L/home/gobyweb/local-lib/lib -lgoby -lprotobuf -lz -lpthread -lpcre -lpcrecpp  '

## ----------------- ##
## Output variables. ##
## ----------------- ##

ACLOCAL='${SHELL} /home/gobyweb/GMAP-GSNAP-GOBY/bwa-icb-0.5.9/missing --run aclocal-1.9'
AMDEPBACKSLASH='\'
AMDEP_FALSE='#'
AMDEP_TRUE=''
AMTAR='${SHELL} /home/gobyweb/GMAP-GSNAP-GOBY/bwa-icb-0.5.9/missing --run tar'
AUTOCONF='${SHELL} /home/gobyweb/GMAP-GSNAP-GOBY/bwa-icb-0.5.9/missing --run autoconf'
AUTOHEADER='${SHELL} /home/gobyweb/GMAP-GSNAP-GOBY/bwa-icb-0.5.9/missing --run autoheader'
AUTOMAKE='${SHELL} /home/gobyweb/GMAP-GSNAP-GOBY/bwa-icb-0.5.9/missing --run automake-1.9'
AWK='gawk'
CC='gcc'
CCDEPMODE='depmode=gcc3'
CFLAGS='-g -O2'
CPP='gcc -E'
CPPFLAGS=''
CXX='g++'
CXXDEPMODE='depmode=gcc3'
CXXFLAGS='-g -O2'
CYGPATH_W='echo'
DEFS='-DHAVE_CONFIG_H'
DEPDIR='.deps'
ECHO_C=''
ECHO_N='-n'
ECHO_T=''
EGREP='/bin/grep -E'
EXEEXT=''
GREP='/bin/grep'
INSTALL_DATA='${INSTALL} -m 644'
INSTALL_PROGRAM='${INSTALL}'
INSTALL_SCRIPT='${INSTALL}'
INSTALL_STRIP_PROGRAM='${SHELL} $(install_sh) -c -s'
LDFLAGS=''
LIBOBJS=''
LIBS='-lpthread -lz -lm '
LTLIBOBJS=''
MAKEINFO='${SHELL} /home/gobyweb/GMAP-GSNAP-GOBY/bwa-icb-0.5.9/missing --run makeinfo'
MKDIR_P='/bin/mkdir -p'
OBJEXT='o'
PACKAGE='bwa'
PACKAGE_BUGREPORT=''
PACKAGE_NAME='bwa'
PACKAGE_STRING='bwa 0.5.5'
PACKAGE_TARNAME='bwa'
PACKAGE_URL=''
PACKAGE_VERSION='0.5.5'
PATH_SEPARATOR=':'
PKG_CONFIG='/usr/bin/pkg-config'
PTHREAD_CC='gcc'
PTHREAD_CFLAGS=''
PTHREAD_LIBS=''
RANLIB='ranlib'
SET_MAKE=''
SHELL='/bin/sh'
STRIP=''
VERSION='0.5.5'
ac_ct_CC='gcc'
ac_ct_CXX='g++'
acx_pthread_config=''
am__fastdepCC_FALSE='#'
am__fastdepCC_TRUE=''
am__fastdepCXX_FALSE='#'
am__fastdepCXX_TRUE=''
am__include='include'
am__leading_dot='.'
am__quote=''
am__tar='${AMTAR} chof - "$$tardir"'
am__untar='${AMTAR} xf -'
bindir='${exec_prefix}/bin'
build='x86_64-unknown-linux-gnu'
build_alias=''
build_cpu='x86_64'
build_os='linux-gnu'
build_vendor='unknown'
datadir='${datarootdir}'
datarootdir='${prefix}/share'
docdir='${datarootdir}/doc/${PACKAGE_TARNAME}'
dvidir='${docdir}'
exec_prefix='${prefix}'
goby_CFLAGS='-pthread -I/home/gobyweb/local-lib/include  '
goby_LIBS='-pthread -L/home/gobyweb/local-lib/lib -lgoby -lprotobuf -lz -lpthread -lpcre -lpcrecpp  '
host='x86_64-unknown-linux-gnu'
host_alias=''
host_cpu='x86_64'
host_os='linux-gnu'
host_vendor='unknown'
htmldir='${docdir}'
includedir='${prefix}/include'
infodir='${datarootdir}/info'
install_sh='/home/gobyweb/GMAP-GSNAP-GOBY/bwa-icb-0.5.9/install-sh'
libdir='${exec_prefix}/lib'
libexecdir='${exec_prefix}/libexec'
localedir='${datarootdir}/locale'
localstatedir='${prefix}/var'
mandir='${datarootdir}/man'
mkdir_p='mkdir -p --'
oldincludedir='/usr/include'
pdfdir='${docdir}'
prefix='/usr/local'
program_transform_name='s,x,x,'
psdir='${docdir}'
sbindir='${exec_prefix}/sbin'
sharedstatedir='${prefix}/com'
sysconfdir='${prefix}/etc'
target_alias=''

## ----------- ##
## confdefs.h. ##
## ----------- ##

/* confdefs.h */
#define PACKAGE_NAME "bwa"
#define PACKAGE_TARNAME "bwa"
#define PACKAGE_VERSION "0.5.5"
#define PACKAGE_STRING "bwa 0.5.5"
#define PACKAGE_BUGREPORT ""
#define PACKAGE_URL ""
#define PACKAGE "bwa"
#define VERSION "0.5.5"
#define STDC_HEADERS 1
#define HAVE_SYS_TYPES_H 1
#define HAVE_SYS_STAT_H 1
#define HAVE_STDLIB_H 1
#define HAVE_STRING_H 1
#define HAVE_MEMORY_H 1
#define HAVE_STRINGS_H 1
#define HAVE_INTTYPES_H 1
#define HAVE_STDINT_H 1
#define HAVE_UNISTD_H 1
#define HAVE_LIMITS_H 1
#define HAVE_STDINT_H 1
#define HAVE_STDLIB_H 1
#define HAVE_STRING_H 1
#define HAVE_UNISTD_H 1
#define HAVE_STDLIB_H 1
#define HAVE_MALLOC 1
#define HAVE_STDLIB_H 1
#define HAVE_REALLOC 1
#define HAVE_VPRINTF 1
#define HAVE_MEMMOVE 1
#define HAVE_MEMSET 1
#define HAVE_STRDUP 1
#define HAVE_STRSTR 1
#define HAVE_LIBM 1
#define HAVE_LIBZ 1
#define HAVE_LIBPTHREAD 1
#define HAVE_GOBY 1
#define HAVE_PTHREAD 1

configure: exit 0
